[0.062s] DEBUG:colcon:Command line arguments: ['/usr/bin/colcon', 'build']
[0.062s] DEBUG:colcon:Parsed command line arguments: Namespace(log_base=None, log_level=None, verb_name='build', build_base='build', install_base='install', merge_install=False, symlink_install=False, test_result_base=None, continue_on_error=False, executor='parallel', parallel_workers=16, event_handlers=None, ignore_user_meta=False, metas=['./colcon.meta'], base_paths=['.'], packages_ignore=None, packages_ignore_regex=None, paths=None, packages_up_to=None, packages_up_to_regex=None, packages_above=None, packages_above_and_dependencies=None, packages_above_depth=None, packages_select_by_dep=None, packages_skip_by_dep=None, packages_skip_up_to=None, packages_select_build_failed=False, packages_skip_build_finished=False, packages_select_test_failures=False, packages_skip_test_passed=False, packages_select=None, packages_skip=None, packages_select_regex=None, packages_skip_regex=None, packages_start=None, packages_end=None, allow_overriding=[], cmake_args=None, cmake_target=None, cmake_target_skip_unavailable=False, cmake_clean_cache=False, cmake_clean_first=False, cmake_force_configure=False, ament_cmake_args=None, catkin_cmake_args=None, catkin_skip_building_tests=False, verb_parser=<colcon_defaults.argument_parser.defaults.DefaultArgumentsDecorator object at 0x70564c6db4f0>, verb_extension=<colcon_core.verb.build.BuildVerb object at 0x70564c8d8b50>, main=<bound method BuildVerb.main of <colcon_core.verb.build.BuildVerb object at 0x70564c8d8b50>>)
[0.152s] Level 1:colcon.colcon_core.package_discovery:discover_packages(colcon_meta) check parameters
[0.152s] Level 1:colcon.colcon_core.package_discovery:discover_packages(recursive) check parameters
[0.152s] Level 1:colcon.colcon_core.package_discovery:discover_packages(ignore) check parameters
[0.152s] Level 1:colcon.colcon_core.package_discovery:discover_packages(path) check parameters
[0.152s] Level 1:colcon.colcon_core.package_discovery:discover_packages(colcon_meta) discover
[0.152s] Level 1:colcon.colcon_core.package_discovery:discover_packages(recursive) discover
[0.152s] INFO:colcon.colcon_core.package_discovery:Crawling recursively for packages in '/home/julian/KPP-Magang-RIVAL-ITS/Turtlesim-Name-Writer'
[0.152s] Level 1:colcon.colcon_core.package_identification:_identify(.) by extensions ['ignore', 'ignore_ament_install']
[0.152s] Level 1:colcon.colcon_core.package_identification:_identify(.) by extension 'ignore'
[0.152s] Level 1:colcon.colcon_core.package_identification:_identify(.) by extension 'ignore_ament_install'
[0.152s] Level 1:colcon.colcon_core.package_identification:_identify(.) by extensions ['colcon_pkg']
[0.152s] Level 1:colcon.colcon_core.package_identification:_identify(.) by extension 'colcon_pkg'
[0.152s] Level 1:colcon.colcon_core.package_identification:_identify(.) by extensions ['colcon_meta']
[0.152s] Level 1:colcon.colcon_core.package_identification:_identify(.) by extension 'colcon_meta'
[0.152s] Level 1:colcon.colcon_core.package_identification:_identify(.) by extensions ['ros']
[0.152s] Level 1:colcon.colcon_core.package_identification:_identify(.) by extension 'ros'
[0.160s] Level 1:colcon.colcon_core.package_identification:_identify(.) by extensions ['cmake', 'python']
[0.160s] Level 1:colcon.colcon_core.package_identification:_identify(.) by extension 'cmake'
[0.160s] Level 1:colcon.colcon_core.package_identification:_identify(.) by extension 'python'
[0.160s] Level 1:colcon.colcon_core.package_identification:_identify(.) by extensions ['python_setup_py']
[0.160s] Level 1:colcon.colcon_core.package_identification:_identify(.) by extension 'python_setup_py'
[0.160s] Level 1:colcon.colcon_core.package_identification:_identify(build) by extensions ['ignore', 'ignore_ament_install']
[0.160s] Level 1:colcon.colcon_core.package_identification:_identify(build) by extension 'ignore'
[0.160s] Level 1:colcon.colcon_core.package_identification:_identify(build) ignored
[0.160s] Level 1:colcon.colcon_core.package_identification:_identify(install) by extensions ['ignore', 'ignore_ament_install']
[0.160s] Level 1:colcon.colcon_core.package_identification:_identify(install) by extension 'ignore'
[0.160s] Level 1:colcon.colcon_core.package_identification:_identify(install) ignored
[0.160s] Level 1:colcon.colcon_core.package_identification:_identify(log) by extensions ['ignore', 'ignore_ament_install']
[0.160s] Level 1:colcon.colcon_core.package_identification:_identify(log) by extension 'ignore'
[0.160s] Level 1:colcon.colcon_core.package_identification:_identify(log) ignored
[0.160s] Level 1:colcon.colcon_core.package_identification:_identify(src) by extensions ['ignore', 'ignore_ament_install']
[0.160s] Level 1:colcon.colcon_core.package_identification:_identify(src) by extension 'ignore'
[0.160s] Level 1:colcon.colcon_core.package_identification:_identify(src) by extension 'ignore_ament_install'
[0.160s] Level 1:colcon.colcon_core.package_identification:_identify(src) by extensions ['colcon_pkg']
[0.160s] Level 1:colcon.colcon_core.package_identification:_identify(src) by extension 'colcon_pkg'
[0.160s] Level 1:colcon.colcon_core.package_identification:_identify(src) by extensions ['colcon_meta']
[0.160s] Level 1:colcon.colcon_core.package_identification:_identify(src) by extension 'colcon_meta'
[0.160s] Level 1:colcon.colcon_core.package_identification:_identify(src) by extensions ['ros']
[0.160s] Level 1:colcon.colcon_core.package_identification:_identify(src) by extension 'ros'
[0.161s] Level 1:colcon.colcon_core.package_identification:_identify(src) by extensions ['cmake', 'python']
[0.161s] Level 1:colcon.colcon_core.package_identification:_identify(src) by extension 'cmake'
[0.161s] Level 1:colcon.colcon_core.package_identification:_identify(src) by extension 'python'
[0.161s] Level 1:colcon.colcon_core.package_identification:_identify(src) by extensions ['python_setup_py']
[0.161s] Level 1:colcon.colcon_core.package_identification:_identify(src) by extension 'python_setup_py'
[0.161s] Level 1:colcon.colcon_core.package_identification:_identify(src/Juli) by extensions ['ignore', 'ignore_ament_install']
[0.161s] Level 1:colcon.colcon_core.package_identification:_identify(src/Juli) by extension 'ignore'
[0.161s] Level 1:colcon.colcon_core.package_identification:_identify(src/Juli) by extension 'ignore_ament_install'
[0.161s] Level 1:colcon.colcon_core.package_identification:_identify(src/Juli) by extensions ['colcon_pkg']
[0.161s] Level 1:colcon.colcon_core.package_identification:_identify(src/Juli) by extension 'colcon_pkg'
[0.161s] Level 1:colcon.colcon_core.package_identification:_identify(src/Juli) by extensions ['colcon_meta']
[0.161s] Level 1:colcon.colcon_core.package_identification:_identify(src/Juli) by extension 'colcon_meta'
[0.161s] Level 1:colcon.colcon_core.package_identification:_identify(src/Juli) by extensions ['ros']
[0.161s] Level 1:colcon.colcon_core.package_identification:_identify(src/Juli) by extension 'ros'
[0.162s] DEBUG:colcon.colcon_core.package_identification:Package 'src/Juli' with type 'ros.ament_cmake' and name 'Juli'
[0.163s] Level 1:colcon.colcon_core.package_discovery:discover_packages(recursive) using defaults
[0.163s] Level 1:colcon.colcon_core.package_discovery:discover_packages(ignore) discover
[0.163s] Level 1:colcon.colcon_core.package_discovery:discover_packages(ignore) using defaults
[0.163s] Level 1:colcon.colcon_core.package_discovery:discover_packages(path) discover
[0.163s] Level 1:colcon.colcon_core.package_discovery:discover_packages(path) using defaults
[0.175s] Level 1:colcon.colcon_core.package_discovery:discover_packages(prefix_path) check parameters
[0.175s] Level 1:colcon.colcon_core.package_discovery:discover_packages(prefix_path) discover
[0.177s] DEBUG:colcon.colcon_installed_package_information.package_discovery:Found 285 installed packages in /opt/ros/humble
[0.184s] Level 1:colcon.colcon_core.package_discovery:discover_packages(prefix_path) using defaults
[0.205s] Level 5:colcon.colcon_core.verb:set package 'Juli' build argument 'cmake_args' from command line to 'None'
[0.205s] Level 5:colcon.colcon_core.verb:set package 'Juli' build argument 'cmake_target' from command line to 'None'
[0.205s] Level 5:colcon.colcon_core.verb:set package 'Juli' build argument 'cmake_target_skip_unavailable' from command line to 'False'
[0.205s] Level 5:colcon.colcon_core.verb:set package 'Juli' build argument 'cmake_clean_cache' from command line to 'False'
[0.205s] Level 5:colcon.colcon_core.verb:set package 'Juli' build argument 'cmake_clean_first' from command line to 'False'
[0.205s] Level 5:colcon.colcon_core.verb:set package 'Juli' build argument 'cmake_force_configure' from command line to 'False'
[0.205s] Level 5:colcon.colcon_core.verb:set package 'Juli' build argument 'ament_cmake_args' from command line to 'None'
[0.205s] Level 5:colcon.colcon_core.verb:set package 'Juli' build argument 'catkin_cmake_args' from command line to 'None'
[0.205s] Level 5:colcon.colcon_core.verb:set package 'Juli' build argument 'catkin_skip_building_tests' from command line to 'False'
[0.205s] DEBUG:colcon.colcon_core.verb:Building package 'Juli' with the following arguments: {'ament_cmake_args': None, 'build_base': '/home/julian/KPP-Magang-RIVAL-ITS/Turtlesim-Name-Writer/build/Juli', 'catkin_cmake_args': None, 'catkin_skip_building_tests': False, 'cmake_args': None, 'cmake_clean_cache': False, 'cmake_clean_first': False, 'cmake_force_configure': False, 'cmake_target': None, 'cmake_target_skip_unavailable': False, 'install_base': '/home/julian/KPP-Magang-RIVAL-ITS/Turtlesim-Name-Writer/install/Juli', 'merge_install': False, 'path': '/home/julian/KPP-Magang-RIVAL-ITS/Turtlesim-Name-Writer/src/Juli', 'symlink_install': False, 'test_result_base': None}
[0.206s] INFO:colcon.colcon_core.executor:Executing jobs using 'parallel' executor
[0.207s] DEBUG:colcon.colcon_parallel_executor.executor.parallel:run_until_complete
[0.207s] INFO:colcon.colcon_ros.task.ament_cmake.build:Building ROS package in '/home/julian/KPP-Magang-RIVAL-ITS/Turtlesim-Name-Writer/src/Juli' with build type 'ament_cmake'
[0.207s] INFO:colcon.colcon_cmake.task.cmake.build:Building CMake package in '/home/julian/KPP-Magang-RIVAL-ITS/Turtlesim-Name-Writer/src/Juli'
[0.208s] INFO:colcon.colcon_core.plugin_system:Skipping extension 'colcon_core.shell.bat': Not used on non-Windows systems
[0.208s] INFO:colcon.colcon_core.shell:Skip shell extension 'powershell' for command environment: Not usable outside of PowerShell
[0.208s] DEBUG:colcon.colcon_core.shell:Skip shell extension 'dsv' for command environment
[0.215s] DEBUG:colcon.colcon_core.event_handler.log_command:Invoking command in '/home/julian/KPP-Magang-RIVAL-ITS/Turtlesim-Name-Writer/build/Juli': CMAKE_PREFIX_PATH=/opt/ros/humble /usr/bin/cmake --build /home/julian/KPP-Magang-RIVAL-ITS/Turtlesim-Name-Writer/build/Juli -- -j16 -l16
[6.829s] DEBUG:colcon.colcon_core.event_handler.log_command:Invoked command in '/home/julian/KPP-Magang-RIVAL-ITS/Turtlesim-Name-Writer/build/Juli' returned '0': CMAKE_PREFIX_PATH=/opt/ros/humble /usr/bin/cmake --build /home/julian/KPP-Magang-RIVAL-ITS/Turtlesim-Name-Writer/build/Juli -- -j16 -l16
[6.839s] DEBUG:colcon.colcon_core.event_handler.log_command:Invoking command in '/home/julian/KPP-Magang-RIVAL-ITS/Turtlesim-Name-Writer/build/Juli': CMAKE_PREFIX_PATH=/opt/ros/humble /usr/bin/cmake --install /home/julian/KPP-Magang-RIVAL-ITS/Turtlesim-Name-Writer/build/Juli
[6.853s] Level 1:colcon.colcon_core.environment:create_environment_scripts_only(Juli)
[6.853s] DEBUG:colcon.colcon_core.event_handler.log_command:Invoked command in '/home/julian/KPP-Magang-RIVAL-ITS/Turtlesim-Name-Writer/build/Juli' returned '0': CMAKE_PREFIX_PATH=/opt/ros/humble /usr/bin/cmake --install /home/julian/KPP-Magang-RIVAL-ITS/Turtlesim-Name-Writer/build/Juli
[6.856s] Level 1:colcon.colcon_core.environment:checking '/home/julian/KPP-Magang-RIVAL-ITS/Turtlesim-Name-Writer/install/Juli' for CMake module files
[6.857s] Level 1:colcon.colcon_core.environment:checking '/home/julian/KPP-Magang-RIVAL-ITS/Turtlesim-Name-Writer/install/Juli' for CMake config files
[6.857s] Level 1:colcon.colcon_core.shell:create_environment_hook('Juli', 'cmake_prefix_path')
[6.858s] INFO:colcon.colcon_core.shell:Creating environment hook '/home/julian/KPP-Magang-RIVAL-ITS/Turtlesim-Name-Writer/install/Juli/share/Juli/hook/cmake_prefix_path.ps1'
[6.859s] INFO:colcon.colcon_core.shell:Creating environment descriptor '/home/julian/KPP-Magang-RIVAL-ITS/Turtlesim-Name-Writer/install/Juli/share/Juli/hook/cmake_prefix_path.dsv'
[6.859s] INFO:colcon.colcon_core.shell:Creating environment hook '/home/julian/KPP-Magang-RIVAL-ITS/Turtlesim-Name-Writer/install/Juli/share/Juli/hook/cmake_prefix_path.sh'
[6.860s] Level 1:colcon.colcon_core.environment:checking '/home/julian/KPP-Magang-RIVAL-ITS/Turtlesim-Name-Writer/install/Juli/lib'
[6.861s] Level 1:colcon.colcon_core.environment:checking '/home/julian/KPP-Magang-RIVAL-ITS/Turtlesim-Name-Writer/install/Juli/bin'
[6.861s] Level 1:colcon.colcon_core.environment:checking '/home/julian/KPP-Magang-RIVAL-ITS/Turtlesim-Name-Writer/install/Juli/lib/pkgconfig/Juli.pc'
[6.861s] Level 1:colcon.colcon_core.environment:checking '/home/julian/KPP-Magang-RIVAL-ITS/Turtlesim-Name-Writer/install/Juli/lib/python3.10/site-packages'
[6.862s] Level 1:colcon.colcon_core.environment:checking '/home/julian/KPP-Magang-RIVAL-ITS/Turtlesim-Name-Writer/install/Juli/bin'
[6.862s] INFO:colcon.colcon_core.shell:Creating package script '/home/julian/KPP-Magang-RIVAL-ITS/Turtlesim-Name-Writer/install/Juli/share/Juli/package.ps1'
[6.863s] INFO:colcon.colcon_core.shell:Creating package descriptor '/home/julian/KPP-Magang-RIVAL-ITS/Turtlesim-Name-Writer/install/Juli/share/Juli/package.dsv'
[6.864s] INFO:colcon.colcon_core.shell:Creating package script '/home/julian/KPP-Magang-RIVAL-ITS/Turtlesim-Name-Writer/install/Juli/share/Juli/package.sh'
[6.865s] INFO:colcon.colcon_core.shell:Creating package script '/home/julian/KPP-Magang-RIVAL-ITS/Turtlesim-Name-Writer/install/Juli/share/Juli/package.bash'
[6.866s] INFO:colcon.colcon_core.shell:Creating package script '/home/julian/KPP-Magang-RIVAL-ITS/Turtlesim-Name-Writer/install/Juli/share/Juli/package.zsh'
[6.867s] Level 1:colcon.colcon_core.environment:create_file_with_runtime_dependencies(/home/julian/KPP-Magang-RIVAL-ITS/Turtlesim-Name-Writer/install/Juli/share/colcon-core/packages/Juli)
[6.868s] Level 1:colcon.colcon_core.environment:create_environment_scripts_only(Juli)
[6.868s] Level 1:colcon.colcon_core.environment:checking '/home/julian/KPP-Magang-RIVAL-ITS/Turtlesim-Name-Writer/install/Juli' for CMake module files
[6.868s] Level 1:colcon.colcon_core.environment:checking '/home/julian/KPP-Magang-RIVAL-ITS/Turtlesim-Name-Writer/install/Juli' for CMake config files
[6.868s] Level 1:colcon.colcon_core.shell:create_environment_hook('Juli', 'cmake_prefix_path')
[6.869s] INFO:colcon.colcon_core.shell:Creating environment hook '/home/julian/KPP-Magang-RIVAL-ITS/Turtlesim-Name-Writer/install/Juli/share/Juli/hook/cmake_prefix_path.ps1'
[6.869s] INFO:colcon.colcon_core.shell:Creating environment descriptor '/home/julian/KPP-Magang-RIVAL-ITS/Turtlesim-Name-Writer/install/Juli/share/Juli/hook/cmake_prefix_path.dsv'
[6.869s] INFO:colcon.colcon_core.shell:Creating environment hook '/home/julian/KPP-Magang-RIVAL-ITS/Turtlesim-Name-Writer/install/Juli/share/Juli/hook/cmake_prefix_path.sh'
[6.870s] Level 1:colcon.colcon_core.environment:checking '/home/julian/KPP-Magang-RIVAL-ITS/Turtlesim-Name-Writer/install/Juli/lib'
[6.870s] Level 1:colcon.colcon_core.environment:checking '/home/julian/KPP-Magang-RIVAL-ITS/Turtlesim-Name-Writer/install/Juli/bin'
[6.870s] Level 1:colcon.colcon_core.environment:checking '/home/julian/KPP-Magang-RIVAL-ITS/Turtlesim-Name-Writer/install/Juli/lib/pkgconfig/Juli.pc'
[6.870s] Level 1:colcon.colcon_core.environment:checking '/home/julian/KPP-Magang-RIVAL-ITS/Turtlesim-Name-Writer/install/Juli/lib/python3.10/site-packages'
[6.870s] Level 1:colcon.colcon_core.environment:checking '/home/julian/KPP-Magang-RIVAL-ITS/Turtlesim-Name-Writer/install/Juli/bin'
[6.871s] INFO:colcon.colcon_core.shell:Creating package script '/home/julian/KPP-Magang-RIVAL-ITS/Turtlesim-Name-Writer/install/Juli/share/Juli/package.ps1'
[6.871s] INFO:colcon.colcon_core.shell:Creating package descriptor '/home/julian/KPP-Magang-RIVAL-ITS/Turtlesim-Name-Writer/install/Juli/share/Juli/package.dsv'
[6.871s] INFO:colcon.colcon_core.shell:Creating package script '/home/julian/KPP-Magang-RIVAL-ITS/Turtlesim-Name-Writer/install/Juli/share/Juli/package.sh'
[6.872s] INFO:colcon.colcon_core.shell:Creating package script '/home/julian/KPP-Magang-RIVAL-ITS/Turtlesim-Name-Writer/install/Juli/share/Juli/package.bash'
[6.872s] INFO:colcon.colcon_core.shell:Creating package script '/home/julian/KPP-Magang-RIVAL-ITS/Turtlesim-Name-Writer/install/Juli/share/Juli/package.zsh'
[6.872s] Level 1:colcon.colcon_core.environment:create_file_with_runtime_dependencies(/home/julian/KPP-Magang-RIVAL-ITS/Turtlesim-Name-Writer/install/Juli/share/colcon-core/packages/Juli)
[6.872s] DEBUG:colcon.colcon_parallel_executor.executor.parallel:closing loop
[6.872s] DEBUG:colcon.colcon_parallel_executor.executor.parallel:loop closed
[6.872s] DEBUG:colcon.colcon_parallel_executor.executor.parallel:run_until_complete finished with '0'
[6.873s] DEBUG:colcon.colcon_core.event_reactor:joining thread
[6.876s] INFO:colcon.colcon_core.plugin_system:Skipping extension 'colcon_notification.desktop_notification.terminal_notifier': Not used on non-Darwin systems
[6.876s] INFO:colcon.colcon_core.plugin_system:Skipping extension 'colcon_notification.desktop_notification.win32': Not used on non-Windows systems
[6.876s] INFO:colcon.colcon_notification.desktop_notification:Sending desktop notification using 'notify2'
[6.890s] DEBUG:colcon.colcon_core.event_reactor:joined thread
[6.890s] INFO:colcon.colcon_core.shell:Creating prefix script '/home/julian/KPP-Magang-RIVAL-ITS/Turtlesim-Name-Writer/install/local_setup.ps1'
[6.891s] INFO:colcon.colcon_core.shell:Creating prefix util module '/home/julian/KPP-Magang-RIVAL-ITS/Turtlesim-Name-Writer/install/_local_setup_util_ps1.py'
[6.893s] INFO:colcon.colcon_core.shell:Creating prefix chain script '/home/julian/KPP-Magang-RIVAL-ITS/Turtlesim-Name-Writer/install/setup.ps1'
[6.894s] INFO:colcon.colcon_core.shell:Creating prefix script '/home/julian/KPP-Magang-RIVAL-ITS/Turtlesim-Name-Writer/install/local_setup.sh'
[6.894s] INFO:colcon.colcon_core.shell:Creating prefix util module '/home/julian/KPP-Magang-RIVAL-ITS/Turtlesim-Name-Writer/install/_local_setup_util_sh.py'
[6.895s] INFO:colcon.colcon_core.shell:Creating prefix chain script '/home/julian/KPP-Magang-RIVAL-ITS/Turtlesim-Name-Writer/install/setup.sh'
[6.896s] INFO:colcon.colcon_core.shell:Creating prefix script '/home/julian/KPP-Magang-RIVAL-ITS/Turtlesim-Name-Writer/install/local_setup.bash'
[6.896s] INFO:colcon.colcon_core.shell:Creating prefix chain script '/home/julian/KPP-Magang-RIVAL-ITS/Turtlesim-Name-Writer/install/setup.bash'
[6.897s] INFO:colcon.colcon_core.shell:Creating prefix script '/home/julian/KPP-Magang-RIVAL-ITS/Turtlesim-Name-Writer/install/local_setup.zsh'
[6.897s] INFO:colcon.colcon_core.shell:Creating prefix chain script '/home/julian/KPP-Magang-RIVAL-ITS/Turtlesim-Name-Writer/install/setup.zsh'
