[0.008s] Invoking command in '/home/julian/KPP-Magang-RIVAL-ITS/Turtlesim-Name-Writer/build/Juli': CMAKE_PREFIX_PATH=/opt/ros/humble /usr/bin/cmake --build /home/julian/KPP-Magang-RIVAL-ITS/Turtlesim-Name-Writer/build/Juli -- -j16 -l16
[0.036s] -- Found ament_cmake: 1.3.12 (/opt/ros/humble/share/ament_cmake/cmake)
[0.125s] -- Found rclcpp: 16.0.15 (/opt/ros/humble/share/rclcpp/cmake)
[0.142s] -- Found rosidl_generator_c: 3.1.7 (/opt/ros/humble/share/rosidl_generator_c/cmake)
[0.144s] -- Found rosidl_adapter: 3.1.7 (/opt/ros/humble/share/rosidl_adapter/cmake)
[0.148s] -- Found rosidl_generator_cpp: 3.1.7 (/opt/ros/humble/share/rosidl_generator_cpp/cmake)
[0.153s] -- Using all available rosidl_typesupport_c: rosidl_typesupport_fastrtps_c;rosidl_typesupport_introspection_c
[0.161s] -- Using all available rosidl_typesupport_cpp: rosidl_typesupport_fastrtps_cpp;rosidl_typesupport_introspection_cpp
[0.181s] -- Found rmw_implementation_cmake: 6.1.2 (/opt/ros/humble/share/rmw_implementation_cmake/cmake)
[0.182s] -- Found rmw_fastrtps_cpp: 6.2.9 (/opt/ros/humble/share/rmw_fastrtps_cpp/cmake)
[0.251s] -- Using RMW implementation 'rmw_fastrtps_cpp' as default
[0.282s] -- Found geometry_msgs: 4.9.0 (/opt/ros/humble/share/geometry_msgs/cmake)
[0.291s] -- Found turtlesim: 1.4.3 (/opt/ros/humble/share/turtlesim/cmake)
[0.315s] -- Found ament_lint_auto: 0.12.14 (/opt/ros/humble/share/ament_lint_auto/cmake)
[0.350s] WARNING: Package name "Juli" does not follow the naming conventions. It should start with a lower case letter and only contain lower case letters, digits, underscores, and dashes.
[0.357s] [31mCMake Error at /opt/ros/humble/share/ament_cmake_target_dependencies/cmake/ament_target_dependencies.cmake:42 (message):
[0.357s]   ament_target_dependencies() the first argument must be a valid target name
[0.357s] Call Stack (most recent call first):
[0.357s]   CMakeLists.txt:30 (ament_target_dependencies)
[0.358s] 
[0.358s] [0m
[0.358s] -- Configuring incomplete, errors occurred!
[0.358s] See also "/home/julian/KPP-Magang-RIVAL-ITS/Turtlesim-Name-Writer/build/Juli/CMakeFiles/CMakeOutput.log".
[0.362s] gmake: *** [Makefile:226: cmake_check_build_system] Error 1
[0.365s] Invoked command in '/home/julian/KPP-Magang-RIVAL-ITS/Turtlesim-Name-Writer/build/Juli' returned '2': CMAKE_PREFIX_PATH=/opt/ros/humble /usr/bin/cmake --build /home/julian/KPP-Magang-RIVAL-ITS/Turtlesim-Name-Writer/build/Juli -- -j16 -l16
