[0.007s] Invoking command in '/home/julian/KPP-Magang-RIVAL-ITS/Turtlesim-Name-Writer/build/Juli': CMAKE_PREFIX_PATH=/opt/ros/humble /usr/bin/cmake --build /home/julian/KPP-Magang-RIVAL-ITS/Turtlesim-Name-Writer/build/Juli -- -j16 -l16
[0.025s] -- Found ament_cmake: 1.3.12 (/opt/ros/humble/share/ament_cmake/cmake)
[0.111s] -- Found rclcpp: 16.0.15 (/opt/ros/humble/share/rclcpp/cmake)
[0.129s] -- Found rosidl_generator_c: 3.1.7 (/opt/ros/humble/share/rosidl_generator_c/cmake)
[0.130s] -- Found rosidl_adapter: 3.1.7 (/opt/ros/humble/share/rosidl_adapter/cmake)
[0.134s] -- Found rosidl_generator_cpp: 3.1.7 (/opt/ros/humble/share/rosidl_generator_cpp/cmake)
[0.140s] -- Using all available rosidl_typesupport_c: rosidl_typesupport_fastrtps_c;rosidl_typesupport_introspection_c
[0.147s] -- Using all available rosidl_typesupport_cpp: rosidl_typesupport_fastrtps_cpp;rosidl_typesupport_introspection_cpp
[0.167s] -- Found rmw_implementation_cmake: 6.1.2 (/opt/ros/humble/share/rmw_implementation_cmake/cmake)
[0.168s] -- Found rmw_fastrtps_cpp: 6.2.9 (/opt/ros/humble/share/rmw_fastrtps_cpp/cmake)
[0.254s] -- Using RMW implementation 'rmw_fastrtps_cpp' as default
[0.285s] -- Found geometry_msgs: 4.9.0 (/opt/ros/humble/share/geometry_msgs/cmake)
[0.293s] -- Found turtlesim: 1.4.3 (/opt/ros/humble/share/turtlesim/cmake)
[0.315s] -- Found ament_lint_auto: 0.12.14 (/opt/ros/humble/share/ament_lint_auto/cmake)
[0.351s] WARNING: Package name "Juli" does not follow the naming conventions. It should start with a lower case letter and only contain lower case letters, digits, underscores, and dashes.
[0.361s] -- Added test 'cppcheck' to perform static code analysis on C / C++ code
[0.362s] -- Configured cppcheck include dirs: 
[0.362s] -- Configured cppcheck exclude dirs and/or files: 
[0.362s] -- Added test 'flake8' to check Python code syntax and style conventions
[0.362s] -- Added test 'lint_cmake' to check CMake code style
[0.362s] -- Added test 'pep257' to check Python code against some of the docstring style conventions in PEP 257
[0.363s] -- Added test 'uncrustify' to check C / C++ code style
[0.363s] -- Configured uncrustify additional arguments: 
[0.363s] -- Added test 'xmllint' to check XML markup files
[0.364s] -- Configuring done
[0.369s] -- Generating done
[0.372s] -- Build files have been written to: /home/julian/KPP-Magang-RIVAL-ITS/Turtlesim-Name-Writer/build/Juli
[0.401s] [ 50%] [32mBuilding CXX object CMakeFiles/Juli-Writer.dir/src/Juli-Writer.cpp.o[0m
[6.278s] [100%] [32m[1mLinking CXX executable Juli-Writer[0m
[6.612s] [100%] Built target Juli-Writer
[6.622s] Invoked command in '/home/julian/KPP-Magang-RIVAL-ITS/Turtlesim-Name-Writer/build/Juli' returned '0': CMAKE_PREFIX_PATH=/opt/ros/humble /usr/bin/cmake --build /home/julian/KPP-Magang-RIVAL-ITS/Turtlesim-Name-Writer/build/Juli -- -j16 -l16
[6.632s] Invoking command in '/home/julian/KPP-Magang-RIVAL-ITS/Turtlesim-Name-Writer/build/Juli': CMAKE_PREFIX_PATH=/opt/ros/humble /usr/bin/cmake --install /home/julian/KPP-Magang-RIVAL-ITS/Turtlesim-Name-Writer/build/Juli
[6.639s] -- Install configuration: ""
[6.639s] -- Installing: /home/julian/KPP-Magang-RIVAL-ITS/Turtlesim-Name-Writer/install/Juli/lib/Juli/Juli-Writer
[6.643s] -- Set runtime path of "/home/julian/KPP-Magang-RIVAL-ITS/Turtlesim-Name-Writer/install/Juli/lib/Juli/Juli-Writer" to ""
[6.643s] -- Installing: /home/julian/KPP-Magang-RIVAL-ITS/Turtlesim-Name-Writer/install/Juli/share/ament_index/resource_index/package_run_dependencies/Juli
[6.643s] -- Up-to-date: /home/julian/KPP-Magang-RIVAL-ITS/Turtlesim-Name-Writer/install/Juli/share/ament_index/resource_index/parent_prefix_path/Juli
[6.643s] -- Up-to-date: /home/julian/KPP-Magang-RIVAL-ITS/Turtlesim-Name-Writer/install/Juli/share/Juli/environment/ament_prefix_path.sh
[6.643s] -- Installing: /home/julian/KPP-Magang-RIVAL-ITS/Turtlesim-Name-Writer/install/Juli/share/Juli/environment/ament_prefix_path.dsv
[6.644s] -- Up-to-date: /home/julian/KPP-Magang-RIVAL-ITS/Turtlesim-Name-Writer/install/Juli/share/Juli/environment/path.sh
[6.644s] -- Installing: /home/julian/KPP-Magang-RIVAL-ITS/Turtlesim-Name-Writer/install/Juli/share/Juli/environment/path.dsv
[6.644s] -- Up-to-date: /home/julian/KPP-Magang-RIVAL-ITS/Turtlesim-Name-Writer/install/Juli/share/Juli/local_setup.bash
[6.644s] -- Up-to-date: /home/julian/KPP-Magang-RIVAL-ITS/Turtlesim-Name-Writer/install/Juli/share/Juli/local_setup.sh
[6.644s] -- Up-to-date: /home/julian/KPP-Magang-RIVAL-ITS/Turtlesim-Name-Writer/install/Juli/share/Juli/local_setup.zsh
[6.644s] -- Installing: /home/julian/KPP-Magang-RIVAL-ITS/Turtlesim-Name-Writer/install/Juli/share/Juli/local_setup.dsv
[6.644s] -- Installing: /home/julian/KPP-Magang-RIVAL-ITS/Turtlesim-Name-Writer/install/Juli/share/Juli/package.dsv
[6.644s] -- Up-to-date: /home/julian/KPP-Magang-RIVAL-ITS/Turtlesim-Name-Writer/install/Juli/share/ament_index/resource_index/packages/Juli
[6.644s] -- Up-to-date: /home/julian/KPP-Magang-RIVAL-ITS/Turtlesim-Name-Writer/install/Juli/share/Juli/cmake/JuliConfig.cmake
[6.644s] -- Up-to-date: /home/julian/KPP-Magang-RIVAL-ITS/Turtlesim-Name-Writer/install/Juli/share/Juli/cmake/JuliConfig-version.cmake
[6.644s] -- Installing: /home/julian/KPP-Magang-RIVAL-ITS/Turtlesim-Name-Writer/install/Juli/share/Juli/package.xml
[6.646s] Invoked command in '/home/julian/KPP-Magang-RIVAL-ITS/Turtlesim-Name-Writer/build/Juli' returned '0': CMAKE_PREFIX_PATH=/opt/ros/humble /usr/bin/cmake --install /home/julian/KPP-Magang-RIVAL-ITS/Turtlesim-Name-Writer/build/Juli
